<?xml version="1.0" encoding="UTF-8"?>
<testsuite xmlns:xsi="http://www.w3.org/2001/XMLSchema-instance" xsi:noNamespaceSchemaLocation="https://maven.apache.org/surefire/maven-surefire-plugin/xsd/surefire-test-report-3.0.xsd" version="3.0" name="org.runner.Runner" time="9.121" tests="1" errors="0" skipped="0" failures="0">
  <properties>
[...]
</properties>
  <testcase name="Login to Flipkart" classname="jkvkhv" time="8.407">
    <system-out><![CDATA[
@xyz
Scenario: Login to Flipkart             # src/test/resources/Features/Demo.feature:4
  Given start testcase "Flipkart_Login" # org.stepdefinitions.DemoStepDefinations.start_testcase(java.lang.String)
  Given I have the URL                  # org.stepdefinitions.DemoStepDefinations.i_have_the_url()
Sucessfully : Entering usename
  When I provide Username               # org.stepdefinitions.DemoStepDefinations.i_provide_username()
Sucessfully : Entering password
  And I provide Password                # org.stepdefinitions.DemoStepDefinations.i_provide_password()
Sucessfully : Submit
logging the browser console logs  :
[2021-09-20T23:54:04+0530] [SEVERE] https://rome.api.flipkart.com/api/1/connekt/push/callback - Failed to load resource: the server responded with a status of 406 (Not Acceptable)
  And I click on Submit button          # org.stepdefinitions.DemoStepDefinations.i_click_on_submit_button()
  Then I am logged into application     # org.stepdefinitions.DemoStepDefinations.i_am_logged_into_application()
]]></system-out>
    <system-err><![CDATA[Starting ChromeDriver 92.0.4515.43 (8c61b7e2989f2990d42f859cac71319137787cce-refs/branch-heads/4515@{#306}) on port 35372
Only local connections are allowed.
Please see https://chromedriver.chromium.org/security-considerations for suggestions on keeping ChromeDriver safe.
ChromeDriver was started successfully.
[1632162241.295][WARNING]: This version of ChromeDriver has not been tested with Chrome version 93.
Sep 20, 2021 11:54:01 PM org.openqa.selenium.remote.ProtocolHandshake createSession
INFO: Detected dialect: W3C
]]></system-err>
  </testcase>
</testsuite>